c:\users\hp\onedrive\code\mario game\mario_game\x64\debug\vc143.pdb
c:\users\hp\onedrive\code\mario game\mario_game\x64\debug\vc143.idb
c:\users\hp\onedrive\code\mario game\mario_game\x64\debug\stone.obj
c:\users\hp\onedrive\code\mario game\mario_game\x64\debug\questionblock.obj
c:\users\hp\onedrive\code\mario game\mario_game\x64\debug\player.obj
c:\users\hp\onedrive\code\mario game\mario_game\x64\debug\pipe.obj
c:\users\hp\onedrive\code\mario game\mario_game\x64\debug\map.obj
c:\users\hp\onedrive\code\mario game\mario_game\x64\debug\main.obj
c:\users\hp\onedrive\code\mario game\mario_game\x64\debug\floor.obj
c:\users\hp\onedrive\code\mario game\mario_game\x64\debug\enemy.obj
c:\users\hp\onedrive\code\mario game\mario_game\x64\debug\brick.obj
c:\users\hp\onedrive\code\mario game\x64\debug\mario_game.exe
c:\users\hp\onedrive\code\mario game\x64\debug\mario_game.pdb
c:\users\hp\onedrive\code\mario game\mario_game\x64\debug\mario_game.ilk
c:\users\hp\onedrive\code\mario game\mario_game\x64\debug\mario_game.tlog\cl.command.1.tlog
c:\users\hp\onedrive\code\mario game\mario_game\x64\debug\mario_game.tlog\cl.items.tlog
c:\users\hp\onedrive\code\mario game\mario_game\x64\debug\mario_game.tlog\cl.read.1.tlog
c:\users\hp\onedrive\code\mario game\mario_game\x64\debug\mario_game.tlog\cl.write.1.tlog
c:\users\hp\onedrive\code\mario game\mario_game\x64\debug\mario_game.tlog\link.command.1.tlog
c:\users\hp\onedrive\code\mario game\mario_game\x64\debug\mario_game.tlog\link.read.1.tlog
c:\users\hp\onedrive\code\mario game\mario_game\x64\debug\mario_game.tlog\link.secondary.1.tlog
c:\users\hp\onedrive\code\mario game\mario_game\x64\debug\mario_game.tlog\link.write.1.tlog
