c:\users\hp\onedrive\code\mario game\mario_game\x64\release\vc143.pdb
c:\users\hp\onedrive\code\mario game\mario_game\x64\release\stone.obj
c:\users\hp\onedrive\code\mario game\mario_game\x64\release\questionblock.obj
c:\users\hp\onedrive\code\mario game\mario_game\x64\release\player.obj
c:\users\hp\onedrive\code\mario game\mario_game\x64\release\pipe.obj
c:\users\hp\onedrive\code\mario game\mario_game\x64\release\map.obj
c:\users\hp\onedrive\code\mario game\mario_game\x64\release\main.obj
c:\users\hp\onedrive\code\mario game\mario_game\x64\release\floor.obj
c:\users\hp\onedrive\code\mario game\mario_game\x64\release\enemy.obj
c:\users\hp\onedrive\code\mario game\mario_game\x64\release\enemies.obj
c:\users\hp\onedrive\code\mario game\mario_game\x64\release\brick.obj
c:\users\hp\onedrive\code\mario game\x64\release\mario_game.exe
c:\users\hp\onedrive\code\mario game\x64\release\mario_game.pdb
c:\users\hp\onedrive\code\mario game\mario_game\x64\release\mario_game.ipdb
c:\users\hp\onedrive\code\mario game\mario_game\x64\release\mario_game.iobj
c:\users\hp\onedrive\code\mario game\mario_game\x64\release\mario_game.tlog\cl.command.1.tlog
c:\users\hp\onedrive\code\mario game\mario_game\x64\release\mario_game.tlog\cl.items.tlog
c:\users\hp\onedrive\code\mario game\mario_game\x64\release\mario_game.tlog\cl.read.1.tlog
c:\users\hp\onedrive\code\mario game\mario_game\x64\release\mario_game.tlog\cl.write.1.tlog
c:\users\hp\onedrive\code\mario game\mario_game\x64\release\mario_game.tlog\link-rc.read.1.tlog
c:\users\hp\onedrive\code\mario game\mario_game\x64\release\mario_game.tlog\link.command.1.tlog
c:\users\hp\onedrive\code\mario game\mario_game\x64\release\mario_game.tlog\link.read.1.tlog
c:\users\hp\onedrive\code\mario game\mario_game\x64\release\mario_game.tlog\link.secondary.1.tlog
c:\users\hp\onedrive\code\mario game\mario_game\x64\release\mario_game.tlog\link.write.1.tlog
