  Brick.cpp
C:\Users\HP\OneDrive\Code\Mario Game\Mario_Game\Brick.cpp(122,13): warning C4244: 'return': conversion from 'float' to 'int', possible loss of data
C:\Users\HP\OneDrive\Code\Mario Game\Mario_Game\Brick.cpp(149,13): warning C4244: 'return': conversion from 'float' to 'int', possible loss of data
C:\Users\HP\OneDrive\Code\Mario Game\Mario_Game\Brick.cpp(167,17): warning C4244: 'initializing': conversion from 'double' to 'float', possible loss of data
C:\Users\HP\OneDrive\Code\Mario Game\Mario_Game\Brick.cpp(168,18): warning C4244: 'initializing': conversion from 'double' to 'float', possible loss of data
C:\Users\HP\OneDrive\Code\Mario Game\Mario_Game\Brick.cpp(176,10): warning C4244: 'return': conversion from 'float' to 'int', possible loss of data
C:\Users\HP\OneDrive\Code\Mario Game\Mario_Game\Brick.cpp(211,10): warning C4244: 'return': conversion from 'float' to 'int', possible loss of data
  QuestionBlock.cpp
C:\Users\HP\OneDrive\Code\Mario Game\Mario_Game\QuestionBlock.cpp(52,57): warning C4244: 'argument': conversion from 'int' to 'float', possible loss of data
C:\Users\HP\OneDrive\Code\Mario Game\Mario_Game\QuestionBlock.cpp(143,12): warning C4244: 'return': conversion from 'float' to 'int', possible loss of data
C:\Users\HP\OneDrive\Code\Mario Game\Mario_Game\QuestionBlock.cpp(170,12): warning C4244: 'return': conversion from 'float' to 'int', possible loss of data
C:\Users\HP\OneDrive\Code\Mario Game\Mario_Game\QuestionBlock.cpp(197,12): warning C4244: 'return': conversion from 'float' to 'int', possible loss of data
C:\Users\HP\OneDrive\Code\Mario Game\Mario_Game\QuestionBlock.cpp(228,10): warning C4244: 'return': conversion from 'float' to 'int', possible loss of data
  Generating code
  12 of 514 functions ( 2.3%) were compiled, the rest were copied from previous compilation.
    0 functions were new in current compilation
    2 functions had inline decision re-evaluated but remain unchanged
  Finished generating code
C:\Program Files\Microsoft Visual Studio\2022\Community\MSBuild\Microsoft\VC\v170\Microsoft.CppCommon.targets(1151,5): error MSB6003: The specified task executable "link.exe" could not be run. System.IO.IOException: The process cannot access the file 'x64\Release\Mario_Game.tlog\link-rc.read.1.tlog' because it is being used by another process.
C:\Program Files\Microsoft Visual Studio\2022\Community\MSBuild\Microsoft\VC\v170\Microsoft.CppCommon.targets(1151,5): error MSB6003:    at System.IO.__Error.WinIOError(Int32 errorCode, String maybeFullPath)
C:\Program Files\Microsoft Visual Studio\2022\Community\MSBuild\Microsoft\VC\v170\Microsoft.CppCommon.targets(1151,5): error MSB6003:    at System.IO.FileInfo.Delete()
C:\Program Files\Microsoft Visual Studio\2022\Community\MSBuild\Microsoft\VC\v170\Microsoft.CppCommon.targets(1151,5): error MSB6003:    at Microsoft.Build.CPPTasks.TrackedVCToolTask.DeleteEmptyFile(ITaskItem[] filesToDelete)
C:\Program Files\Microsoft Visual Studio\2022\Community\MSBuild\Microsoft\VC\v170\Microsoft.CppCommon.targets(1151,5): error MSB6003:    at Microsoft.Build.CPPTasks.TrackedVCToolTask.PostExecuteTool(Int32 exitCode)
C:\Program Files\Microsoft Visual Studio\2022\Community\MSBuild\Microsoft\VC\v170\Microsoft.CppCommon.targets(1151,5): error MSB6003:    at Microsoft.Build.CPPTasks.TrackedVCToolTask.ExecuteTool(String pathToTool, String responseFileCommands, String commandLineCommands)
C:\Program Files\Microsoft Visual Studio\2022\Community\MSBuild\Microsoft\VC\v170\Microsoft.CppCommon.targets(1151,5): error MSB6003:    at Microsoft.Build.Utilities.ToolTask.Execute()
